Question received: 2025-03-05 15:27:55 Question received: 2025-03-05 15:32:42 Question received: 2025-03-05 15:34:31 Answer played: 2025-03-05 15:34:58 Call ended: 2025-03-05 15:35:02
Question received: 2025-03-05 15:41:25 Answer played: 2025-03-05 15:41:56 Call ended: 2025-03-05 15:42:00
Question received: 2025-03-05 15:42:13 Answer played: 2025-03-05 15:42:43 Call ended: 2025-03-05 15:42:53
Question received: 2025-03-05 15:43:08 Answer played: 2025-03-05 15:43:33 Call ended: 2025-03-05 15:43:52
Answer played: 2025-03-05 15:49:14 Call ended: 2025-03-05 15:49:18
Question received: 2025-03-05 15:53:14 Answer played: 2025-03-05 15:53:31 Call ended: 2025-03-05 15:53:35
Question received: 2025-03-05 15:53:45 Answer played: 2025-03-05 15:54:00 Call ended: 2025-03-05 15:54:20
Question received: 2025-03-05 15:54:20 Answer played: 2025-03-05 15:54:35 Call ended: 2025-03-05 15:54:54
Question received: 2025-03-05 15:54:54 Answer played: 2025-03-05 15:55:11 Call ended: 2025-03-05 15:55:16
Question received: 2025-03-05 15:55:16 Answer played: 2025-03-05 15:55:36 Call ended: 2025-03-05 15:55:41

Type: speech Question received: 2025-03-07 13:25:29 
Type: speech Question received: 2025-03-07 13:25:57 
Type: speech Question received: 2025-03-07 13:26:26 
Type: speech Question received: 2025-03-07 13:26:50 Answer played: 2025-03-07 13:27:05 Call ended: 2025-03-07 13:27:09
Type: speech Question received: 2025-03-07 13:30:42 
Type: speech Question received: 2025-03-07 13:31:37 Answer played: 2025-03-07 13:31:56 Call ended: 2025-03-07 13:31:59
Type: speech Question received: 2025-03-07 13:33:08 
Type: speech Question received: 2025-03-07 13:33:41 Answer played: 2025-03-07 13:34:02 Call ended: 2025-03-07 13:34:05
Type: speech Question received: 2025-03-07 13:34:14 Answer played: 2025-03-07 13:34:35 Call ended: 2025-03-07 13:34:43
Type: speech Question received: 2025-03-07 13:35:12 
Type: speech Question received: 2025-03-07 13:36:06 Answer played: 2025-03-07 13:36:25 Call ended: 2025-03-07 13:36:29



Type: text Question received: 2025-03-07 13:39:28 Answer played: 2025-03-07 13:39:51 Call ended: 2025-03-07 13:39:53
Type: text Question received: 2025-03-07 13:39:55 Answer played: 2025-03-07 13:40:07 Call ended: 2025-03-07 13:40:27
Type: text Question received: 2025-03-07 13:41:06 Answer played: 2025-03-07 13:41:18 Call ended: 2025-03-07 13:41:32
Type: text Question received: 2025-03-07 13:41:39 Answer played: 2025-03-07 13:41:51 Call ended: 2025-03-07 13:42:04


Type: speech, received status: on, at time: 2025-03-07 14:15:31, Started listening: 2025-03-07 14:15:33, 
Type: speech, received status: off, at time: 2025-03-07 14:15:34, Question received: 2025-03-07 14:15:34, 
Type: speech, received status: on, at time: 2025-03-07 14:17:10, Started listening: 2025-03-07 14:17:12, received status: off, at time: 2025-03-07 14:17:15, Question received: 2025-03-07 14:17:15, Answer played: 2025-03-07 14:17:40, Call ended: 2025-03-07 14:17:44
Type: speech, received status: on, at time: 2025-03-07 14:17:51, Started listening: 2025-03-07 14:17:53, received status: off, at time: 2025-03-07 14:17:56, Question received: 2025-03-07 14:17:56, 
Type: speech, received status: on, at time: 2025-03-07 14:18:33, Started listening: 2025-03-07 14:18:34, received status: off, at time: 2025-03-07 14:18:38, Question received: 2025-03-07 14:18:38, Answer played: 2025-03-07 14:19:07, Call ended: 2025-03-07 14:19:10
Type: speech, received status: on, at time: 2025-03-07 14:19:17, Started listening: 2025-03-07 14:19:18, received status: off, at time: 2025-03-07 14:19:20, Question received: 2025-03-07 14:19:20, 
Type: speech, received status: on, at time: 2025-03-07 14:23:45, Started listening: 2025-03-07 14:23:46, received status: off, at time: 2025-03-07 14:23:46, Question received: 2025-03-07 14:23:46, 
Type: speech, received status: on, at time: 2025-03-07 14:25:21, Started listening: 2025-03-07 14:25:23, received status: off, at time: 2025-03-07 14:25:26, Question received: 2025-03-07 14:25:26, 
Type: speech, received status: on, at time: 2025-03-07 14:25:34, Started listening: 2025-03-07 14:25:36, received status: off, at time: 2025-03-07 14:25:40, Question received: 2025-03-07 14:25:40, 
Type: speech, received status: on, at time: 2025-03-07 14:25:45, Started listening: 2025-03-07 14:25:47, received status: off, at time: 2025-03-07 14:25:52, Question received: 2025-03-07 14:25:52, Answer played: 2025-03-07 14:26:11, Call ended: 2025-03-07 14:26:24
Type: speech, received status: on, at time: 2025-03-07 14:26:29, Started listening: 2025-03-07 14:26:30, received status: off, at time: 2025-03-07 14:26:34, Question received: 2025-03-07 14:26:34, Answer played: 2025-03-07 14:27:47, Call ended: 2025-03-07 14:28:00
Type: speech, received status: on, at time: 2025-03-07 14:28:11, Started listening: 2025-03-07 14:28:12, received status: off, at time: 2025-03-07 14:28:19, Question received: 2025-03-07 14:28:19, Answer played: 2025-03-07 14:28:35, Call ended: 2025-03-07 14:28:54